Start testing: Aug 07 21:32 PDT
----------------------------------------------------------
1/2 Testing: lint_cmake
1/2 Test: lint_cmake
Command: "/usr/bin/python3" "-u" "/opt/ros/jazzy/share/ament_cmake_test/cmake/run_test.py" "/home/nuc/Desktop/ROS_Tutorials/Workspaces/ros2_cpp_ws/build/udemy_ros2_pkg/test_results/udemy_ros2_pkg/lint_cmake.xunit.xml" "--package-name" "udemy_ros2_pkg" "--output-file" "/home/nuc/Desktop/ROS_Tutorials/Workspaces/ros2_cpp_ws/build/udemy_ros2_pkg/ament_lint_cmake/lint_cmake.txt" "--command" "/opt/ros/jazzy/bin/ament_lint_cmake" "--xunit-file" "/home/nuc/Desktop/ROS_Tutorials/Workspaces/ros2_cpp_ws/build/udemy_ros2_pkg/test_results/udemy_ros2_pkg/lint_cmake.xunit.xml"
Directory: /home/nuc/Desktop/ROS_Tutorials/Workspaces/ros2_cpp_ws/src/udemy_ros2_pkg
"lint_cmake" start time: Aug 07 21:32 PDT
Output:
----------------------------------------------------------
-- run_test.py: invoking following command in '/home/nuc/Desktop/ROS_Tutorials/Workspaces/ros2_cpp_ws/src/udemy_ros2_pkg':
 - /opt/ros/jazzy/bin/ament_lint_cmake --xunit-file /home/nuc/Desktop/ROS_Tutorials/Workspaces/ros2_cpp_ws/build/udemy_ros2_pkg/test_results/udemy_ros2_pkg/lint_cmake.xunit.xml

No problems found
-- run_test.py: return code 0
-- run_test.py: verify result file '/home/nuc/Desktop/ROS_Tutorials/Workspaces/ros2_cpp_ws/build/udemy_ros2_pkg/test_results/udemy_ros2_pkg/lint_cmake.xunit.xml'
<end of output>
Test time =   0.14 sec
----------------------------------------------------------
Test Passed.
"lint_cmake" end time: Aug 07 21:32 PDT
"lint_cmake" time elapsed: 00:00:00
----------------------------------------------------------

2/2 Testing: xmllint
2/2 Test: xmllint
Command: "/usr/bin/python3" "-u" "/opt/ros/jazzy/share/ament_cmake_test/cmake/run_test.py" "/home/nuc/Desktop/ROS_Tutorials/Workspaces/ros2_cpp_ws/build/udemy_ros2_pkg/test_results/udemy_ros2_pkg/xmllint.xunit.xml" "--package-name" "udemy_ros2_pkg" "--output-file" "/home/nuc/Desktop/ROS_Tutorials/Workspaces/ros2_cpp_ws/build/udemy_ros2_pkg/ament_xmllint/xmllint.txt" "--command" "/opt/ros/jazzy/bin/ament_xmllint" "--xunit-file" "/home/nuc/Desktop/ROS_Tutorials/Workspaces/ros2_cpp_ws/build/udemy_ros2_pkg/test_results/udemy_ros2_pkg/xmllint.xunit.xml"
Directory: /home/nuc/Desktop/ROS_Tutorials/Workspaces/ros2_cpp_ws/src/udemy_ros2_pkg
"xmllint" start time: Aug 07 21:32 PDT
Output:
----------------------------------------------------------
-- run_test.py: invoking following command in '/home/nuc/Desktop/ROS_Tutorials/Workspaces/ros2_cpp_ws/src/udemy_ros2_pkg':
 - /opt/ros/jazzy/bin/ament_xmllint --xunit-file /home/nuc/Desktop/ROS_Tutorials/Workspaces/ros2_cpp_ws/build/udemy_ros2_pkg/test_results/udemy_ros2_pkg/xmllint.xunit.xml
File 'package.xml' is valid

No problems found
-- run_test.py: return code 0
-- run_test.py: verify result file '/home/nuc/Desktop/ROS_Tutorials/Workspaces/ros2_cpp_ws/build/udemy_ros2_pkg/test_results/udemy_ros2_pkg/xmllint.xunit.xml'
<end of output>
Test time =   0.44 sec
----------------------------------------------------------
Test Passed.
"xmllint" end time: Aug 07 21:32 PDT
"xmllint" time elapsed: 00:00:00
----------------------------------------------------------

End testing: Aug 07 21:32 PDT

lint_cmake =   0.14 sec*proc

linter =   0.57 sec*proc

xmllint =   0.44 sec*proc

