<?xml version="1.0" encoding="UTF-8"?>
<Site BuildName="(empty)"
	BuildStamp="20240808-0432-Experimental"
	Name="nuc-NUC8i7HVK"
	Generator="ctest-3.28.3"
	CompilerName="/usr/bin/c++"
	CompilerVersion="13.2.0"
	OSName="Linux"
	Hostname="nuc-NUC8i7HVK"
	OSRelease="6.8.0-39-generic"
	OSVersion="#39-Ubuntu SMP PREEMPT_DYNAMIC Fri Jul  5 21:49:14 UTC 2024"
	OSPlatform="x86_64"
	Is64Bits="1"
	VendorString="GenuineIntel"
	VendorID="Intel Corporation"
	FamilyID="6"
	ModelID="158"
	ProcessorCacheSize="8192"
	NumberOfLogicalCPU="8"
	NumberOfPhysicalCPU="4"
	TotalVirtualMemory="8191"
	TotalPhysicalMemory="32012"
	LogicalProcessorsPerPhysical="2"
	ProcessorClockFrequency="4017.32"
	>
	<Testing>
		<StartDateTime>Aug 07 21:32 PDT</StartDateTime>
		<StartTestTime>1723091541</StartTestTime>
		<TestList>
			<Test>./lint_cmake</Test>
			<Test>./xmllint</Test>
		</TestList>
		<Test Status="passed">
			<Name>lint_cmake</Name>
			<Path>.</Path>
			<FullName>./lint_cmake</FullName>
			<FullCommandLine>/usr/bin/python3 "-u" "/opt/ros/jazzy/share/ament_cmake_test/cmake/run_test.py" "/home/nuc/Desktop/ROS_Tutorials/Workspaces/ros2_cpp_ws/build/udemy_ros2_pkg/test_results/udemy_ros2_pkg/lint_cmake.xunit.xml" "--package-name" "udemy_ros2_pkg" "--output-file" "/home/nuc/Desktop/ROS_Tutorials/Workspaces/ros2_cpp_ws/build/udemy_ros2_pkg/ament_lint_cmake/lint_cmake.txt" "--command" "/opt/ros/jazzy/bin/ament_lint_cmake" "--xunit-file" "/home/nuc/Desktop/ROS_Tutorials/Workspaces/ros2_cpp_ws/build/udemy_ros2_pkg/test_results/udemy_ros2_pkg/lint_cmake.xunit.xml"</FullCommandLine>
			<Results>
				<NamedMeasurement type="numeric/double" name="Execution Time">
					<Value>0.135401</Value>
				</NamedMeasurement>
				<NamedMeasurement type="numeric/double" name="Processors">
					<Value>1</Value>
				</NamedMeasurement>
				<NamedMeasurement type="text/string" name="Completion Status">
					<Value>Completed</Value>
				</NamedMeasurement>
				<NamedMeasurement type="text/string" name="Command Line">
					<Value>/usr/bin/python3 "-u" "/opt/ros/jazzy/share/ament_cmake_test/cmake/run_test.py" "/home/nuc/Desktop/ROS_Tutorials/Workspaces/ros2_cpp_ws/build/udemy_ros2_pkg/test_results/udemy_ros2_pkg/lint_cmake.xunit.xml" "--package-name" "udemy_ros2_pkg" "--output-file" "/home/nuc/Desktop/ROS_Tutorials/Workspaces/ros2_cpp_ws/build/udemy_ros2_pkg/ament_lint_cmake/lint_cmake.txt" "--command" "/opt/ros/jazzy/bin/ament_lint_cmake" "--xunit-file" "/home/nuc/Desktop/ROS_Tutorials/Workspaces/ros2_cpp_ws/build/udemy_ros2_pkg/test_results/udemy_ros2_pkg/lint_cmake.xunit.xml"</Value>
				</NamedMeasurement>
				<NamedMeasurement type="text/string" name="Environment">
					<Value>#CTEST_RESOURCE_GROUP_COUNT=</Value>
				</NamedMeasurement>
				<Measurement>
					<Value>-- run_test.py: invoking following command in '/home/nuc/Desktop/ROS_Tutorials/Workspaces/ros2_cpp_ws/src/udemy_ros2_pkg':
 - /opt/ros/jazzy/bin/ament_lint_cmake --xunit-file /home/nuc/Desktop/ROS_Tutorials/Workspaces/ros2_cpp_ws/build/udemy_ros2_pkg/test_results/udemy_ros2_pkg/lint_cmake.xunit.xml

No problems found
-- run_test.py: return code 0
-- run_test.py: verify result file '/home/nuc/Desktop/ROS_Tutorials/Workspaces/ros2_cpp_ws/build/udemy_ros2_pkg/test_results/udemy_ros2_pkg/lint_cmake.xunit.xml'
</Value>
				</Measurement>
			</Results>
			<Labels>
				<Label>lint_cmake</Label>
				<Label>linter</Label>
			</Labels>
		</Test>
		<Test Status="passed">
			<Name>xmllint</Name>
			<Path>.</Path>
			<FullName>./xmllint</FullName>
			<FullCommandLine>/usr/bin/python3 "-u" "/opt/ros/jazzy/share/ament_cmake_test/cmake/run_test.py" "/home/nuc/Desktop/ROS_Tutorials/Workspaces/ros2_cpp_ws/build/udemy_ros2_pkg/test_results/udemy_ros2_pkg/xmllint.xunit.xml" "--package-name" "udemy_ros2_pkg" "--output-file" "/home/nuc/Desktop/ROS_Tutorials/Workspaces/ros2_cpp_ws/build/udemy_ros2_pkg/ament_xmllint/xmllint.txt" "--command" "/opt/ros/jazzy/bin/ament_xmllint" "--xunit-file" "/home/nuc/Desktop/ROS_Tutorials/Workspaces/ros2_cpp_ws/build/udemy_ros2_pkg/test_results/udemy_ros2_pkg/xmllint.xunit.xml"</FullCommandLine>
			<Results>
				<NamedMeasurement type="numeric/double" name="Execution Time">
					<Value>0.438355</Value>
				</NamedMeasurement>
				<NamedMeasurement type="numeric/double" name="Processors">
					<Value>1</Value>
				</NamedMeasurement>
				<NamedMeasurement type="text/string" name="Completion Status">
					<Value>Completed</Value>
				</NamedMeasurement>
				<NamedMeasurement type="text/string" name="Command Line">
					<Value>/usr/bin/python3 "-u" "/opt/ros/jazzy/share/ament_cmake_test/cmake/run_test.py" "/home/nuc/Desktop/ROS_Tutorials/Workspaces/ros2_cpp_ws/build/udemy_ros2_pkg/test_results/udemy_ros2_pkg/xmllint.xunit.xml" "--package-name" "udemy_ros2_pkg" "--output-file" "/home/nuc/Desktop/ROS_Tutorials/Workspaces/ros2_cpp_ws/build/udemy_ros2_pkg/ament_xmllint/xmllint.txt" "--command" "/opt/ros/jazzy/bin/ament_xmllint" "--xunit-file" "/home/nuc/Desktop/ROS_Tutorials/Workspaces/ros2_cpp_ws/build/udemy_ros2_pkg/test_results/udemy_ros2_pkg/xmllint.xunit.xml"</Value>
				</NamedMeasurement>
				<NamedMeasurement type="text/string" name="Environment">
					<Value>#CTEST_RESOURCE_GROUP_COUNT=</Value>
				</NamedMeasurement>
				<Measurement>
					<Value>-- run_test.py: invoking following command in '/home/nuc/Desktop/ROS_Tutorials/Workspaces/ros2_cpp_ws/src/udemy_ros2_pkg':
 - /opt/ros/jazzy/bin/ament_xmllint --xunit-file /home/nuc/Desktop/ROS_Tutorials/Workspaces/ros2_cpp_ws/build/udemy_ros2_pkg/test_results/udemy_ros2_pkg/xmllint.xunit.xml
File 'package.xml' is valid

No problems found
-- run_test.py: return code 0
-- run_test.py: verify result file '/home/nuc/Desktop/ROS_Tutorials/Workspaces/ros2_cpp_ws/build/udemy_ros2_pkg/test_results/udemy_ros2_pkg/xmllint.xunit.xml'
</Value>
				</Measurement>
			</Results>
			<Labels>
				<Label>linter</Label>
				<Label>xmllint</Label>
			</Labels>
		</Test>
		<EndDateTime>Aug 07 21:32 PDT</EndDateTime>
		<EndTestTime>1723091541</EndTestTime>
		<ElapsedMinutes>0</ElapsedMinutes>
	</Testing>
</Site>
